ubuntu@clarahd:~/src/epd-javafx$ sudo bin/test.sh

===> 16 gray levels with color depths: 8, 16, 32 bpp
===> Color depth: 8 bpp
FINE: EPD system properties: {monocle.epd.bitsPerPixel=8, monocle.epd.waveformMode=2, monocle.epd.fixWidthY8UR=true}
FINE: Frame buffer geometry: 1,448 1,072 1,472 2,304 8
FINE: Frame buffer rgba: 8/0,8/0,8/0,0/0
FINE: Frame buffer grayscale: 1
FINE: Native screen geometry: 1,448 px x 1,072 px x 8 bpp
Frame rate: 48 frames in 47.41 s =  1.01 fps (988 ms/frame)
Frame rate: 48 frames in 45.12 s =  1.06 fps (940 ms/frame)
Total rate: 98 frames in 93.52 s =  1.05 fps (954 ms/frame)
===> Color depth: 16 bpp
FINE: EPD system properties: {monocle.epd.bitsPerPixel=16, monocle.epd.waveformMode=2, monocle.epd.fixWidthY8UR=true}
FINE: Frame buffer geometry: 1,448 1,072 1,472 2,304 16
FINE: Frame buffer rgba: 5/11,6/5,5/0,0/0
FINE: Frame buffer grayscale: 0
FINE: Native screen geometry: 1,472 px x 1,072 px x 16 bpp
Frame rate: 48 frames in 74.98 s =  0.64 fps (1562 ms/frame)
Frame rate: 48 frames in 71.83 s =  0.67 fps (1496 ms/frame)
Total rate: 97 frames in 148.27 s =  0.65 fps (1529 ms/frame)
===> Color depth: 32 bpp
FINE: EPD system properties: {monocle.epd.bitsPerPixel=32, monocle.epd.waveformMode=2, monocle.epd.fixWidthY8UR=true}
FINE: Frame buffer geometry: 1,448 1,072 1,472 1,152 32
FINE: Frame buffer rgba: 8/16,8/8,8/0,8/24
FINE: Frame buffer grayscale: 0
FINE: Native screen geometry: 1,472 px x 1,072 px x 32 bpp
FINE: Mapping frame buffer: 6,311,936 bytes
Frame rate: 48 frames in 22.85 s =  2.10 fps (476 ms/frame)
Frame rate: 48 frames in 22.74 s =  2.11 fps (474 ms/frame)
Total rate: 97 frames in 46.08 s =  2.11 fps (475 ms/frame)
FINE: Unmapping frame buffer: 6,311,936 bytes

===> Black with color depths: 8, 16, 32 bpp
===> Color depth: 8 bpp
FINE: EPD system properties: {monocle.epd.bitsPerPixel=8, monocle.epd.waveformMode=4, monocle.epd.fixWidthY8UR=true}
FINE: Frame buffer geometry: 1,448 1,072 1,472 2,304 8
FINE: Frame buffer rgba: 8/0,8/0,8/0,0/0
FINE: Frame buffer grayscale: 1
FINE: Native screen geometry: 1,448 px x 1,072 px x 8 bpp
Frame rate: 48 frames in 46.34 s =  1.04 fps (966 ms/frame)
Frame rate: 48 frames in 44.02 s =  1.09 fps (917 ms/frame)
Total rate: 97 frames in 91.33 s =  1.06 fps (942 ms/frame)
===> Color depth: 16 bpp
FINE: EPD system properties: {monocle.epd.bitsPerPixel=16, monocle.epd.waveformMode=4, monocle.epd.fixWidthY8UR=true}
FINE: Frame buffer geometry: 1,448 1,072 1,472 2,304 16
FINE: Frame buffer rgba: 5/11,6/5,5/0,0/0
FINE: Frame buffer grayscale: 0
FINE: Native screen geometry: 1,472 px x 1,072 px x 16 bpp
Frame rate: 48 frames in 73.85 s =  0.65 fps (1539 ms/frame)
Frame rate: 48 frames in 71.52 s =  0.67 fps (1490 ms/frame)
Total rate: 98 frames in 146.87 s =  0.67 fps (1499 ms/frame)
===> Color depth: 32 bpp
FINE: EPD system properties: {monocle.epd.bitsPerPixel=32, monocle.epd.waveformMode=4, monocle.epd.fixWidthY8UR=true}
FINE: Frame buffer geometry: 1,448 1,072 1,472 1,152 32
FINE: Frame buffer rgba: 8/16,8/8,8/0,8/24
FINE: Frame buffer grayscale: 0
FINE: Native screen geometry: 1,472 px x 1,072 px x 32 bpp
FINE: Mapping frame buffer: 6,311,936 bytes
Frame rate: 48 frames in  7.71 s =  6.23 fps (161 ms/frame)
Frame rate: 48 frames in  6.94 s =  6.92 fps (145 ms/frame)
Total rate: 97 frames in 14.80 s =  6.56 fps (153 ms/frame)
FINE: Unmapping frame buffer: 6,311,936 bytes

===> Color depths and rotations: 0 (UR), 1 (CW), 2 (UD), 3 (CCW)
===> Color depth: 8 bpp; Rotation: 0
FINE: EPD system properties: {monocle.epd.bitsPerPixel=8, monocle.epd.waveformMode=4, monocle.epd.fixWidthY8UR=true, monocle.epd.rotate=0}
FINE: Frame buffer geometry: 1,448 1,072 1,472 2,304 8
FINE: Frame buffer rgba: 8/0,8/0,8/0,0/0
FINE: Frame buffer grayscale: 1
FINE: Native screen geometry: 1,448 px x 1,072 px x 8 bpp
Frame rate: 48 frames in 46.19 s =  1.04 fps (962 ms/frame)
Frame rate: 48 frames in 43.94 s =  1.09 fps (915 ms/frame)
Total rate: 97 frames in 91.09 s =  1.06 fps (939 ms/frame)
===> Color depth: 8 bpp; Rotation: 1
FINE: EPD system properties: {monocle.epd.bitsPerPixel=8, monocle.epd.waveformMode=4, monocle.epd.fixWidthY8UR=true, monocle.epd.rotate=1}
FINE: Frame buffer geometry: 1,072 1,448 1,088 3,072 8
FINE: Frame buffer rgba: 8/0,8/0,8/0,0/0
FINE: Frame buffer grayscale: 1
FINE: Native screen geometry: 1,088 px x 1,448 px x 8 bpp
Frame rate: 48 frames in 46.90 s =  1.02 fps (977 ms/frame)
Frame rate: 48 frames in 44.54 s =  1.08 fps (928 ms/frame)
Total rate: 98 frames in 92.37 s =  1.06 fps (943 ms/frame)
===> Color depth: 8 bpp; Rotation: 2
FINE: EPD system properties: {monocle.epd.bitsPerPixel=8, monocle.epd.waveformMode=4, monocle.epd.fixWidthY8UR=true, monocle.epd.rotate=2}
FINE: Frame buffer geometry: 1,448 1,072 1,472 2,304 8
FINE: Frame buffer rgba: 8/0,8/0,8/0,0/0
FINE: Frame buffer grayscale: 1
FINE: Native screen geometry: 1,472 px x 1,072 px x 8 bpp
Frame rate: 48 frames in 47.33 s =  1.01 fps (986 ms/frame)
Frame rate: 48 frames in 44.47 s =  1.08 fps (926 ms/frame)
Total rate: 97 frames in 92.75 s =  1.05 fps (956 ms/frame)
===> Color depth: 8 bpp; Rotation: 3
FINE: EPD system properties: {monocle.epd.bitsPerPixel=8, monocle.epd.waveformMode=4, monocle.epd.fixWidthY8UR=true, monocle.epd.rotate=3}
FINE: Frame buffer geometry: 1,072 1,448 1,088 3,072 8
FINE: Frame buffer rgba: 8/0,8/0,8/0,0/0
FINE: Frame buffer grayscale: 1
FINE: Native screen geometry: 1,088 px x 1,448 px x 8 bpp
Frame rate: 48 frames in 46.74 s =  1.03 fps (974 ms/frame)
Frame rate: 48 frames in 44.42 s =  1.08 fps (925 ms/frame)
Total rate: 98 frames in 92.08 s =  1.06 fps (940 ms/frame)
===> Color depth: 16 bpp; Rotation: 0
FINE: EPD system properties: {monocle.epd.bitsPerPixel=16, monocle.epd.waveformMode=4, monocle.epd.fixWidthY8UR=true, monocle.epd.rotate=0}
FINE: Frame buffer geometry: 1,448 1,072 1,472 2,304 16
FINE: Frame buffer rgba: 5/11,6/5,5/0,0/0
FINE: Frame buffer grayscale: 0
FINE: Native screen geometry: 1,472 px x 1,072 px x 16 bpp
Frame rate: 48 frames in 73.70 s =  0.65 fps (1535 ms/frame)
Frame rate: 48 frames in 71.44 s =  0.67 fps (1488 ms/frame)
Total rate: 97 frames in 146.63 s =  0.66 fps (1512 ms/frame)
===> Color depth: 16 bpp; Rotation: 1
FINE: EPD system properties: {monocle.epd.bitsPerPixel=16, monocle.epd.waveformMode=4, monocle.epd.fixWidthY8UR=true, monocle.epd.rotate=1}
FINE: Frame buffer geometry: 1,072 1,448 1,088 3,072 16
FINE: Frame buffer rgba: 5/11,6/5,5/0,0/0
FINE: Frame buffer grayscale: 0
FINE: Native screen geometry: 1,088 px x 1,448 px x 16 bpp
Frame rate: 48 frames in 73.46 s =  0.65 fps (1530 ms/frame)
Frame rate: 48 frames in 71.30 s =  0.67 fps (1485 ms/frame)
Total rate: 98 frames in 146.26 s =  0.67 fps (1492 ms/frame)
===> Color depth: 16 bpp; Rotation: 2
FINE: EPD system properties: {monocle.epd.bitsPerPixel=16, monocle.epd.waveformMode=4, monocle.epd.fixWidthY8UR=true, monocle.epd.rotate=2}
FINE: Frame buffer geometry: 1,448 1,072 1,472 2,304 16
FINE: Frame buffer rgba: 5/11,6/5,5/0,0/0
FINE: Frame buffer grayscale: 0
FINE: Native screen geometry: 1,472 px x 1,072 px x 16 bpp
Frame rate: 48 frames in 74.07 s =  0.65 fps (1543 ms/frame)
Frame rate: 48 frames in 71.42 s =  0.67 fps (1488 ms/frame)
Total rate: 97 frames in 146.98 s =  0.66 fps (1515 ms/frame)
===> Color depth: 16 bpp; Rotation: 3
FINE: EPD system properties: {monocle.epd.bitsPerPixel=16, monocle.epd.waveformMode=4, monocle.epd.fixWidthY8UR=true, monocle.epd.rotate=3}
FINE: Frame buffer geometry: 1,072 1,448 1,088 3,072 16
FINE: Frame buffer rgba: 5/11,6/5,5/0,0/0
FINE: Frame buffer grayscale: 0
FINE: Native screen geometry: 1,088 px x 1,448 px x 16 bpp
Frame rate: 48 frames in 73.76 s =  0.65 fps (1537 ms/frame)
Frame rate: 48 frames in 71.54 s =  0.67 fps (1490 ms/frame)
Total rate: 97 frames in 146.79 s =  0.66 fps (1513 ms/frame)
===> Color depth: 32 bpp; Rotation: 0
FINE: EPD system properties: {monocle.epd.bitsPerPixel=32, monocle.epd.waveformMode=4, monocle.epd.fixWidthY8UR=true, monocle.epd.rotate=0}
FINE: Frame buffer geometry: 1,448 1,072 1,472 1,152 32
FINE: Frame buffer rgba: 8/16,8/8,8/0,8/24
FINE: Frame buffer grayscale: 0
FINE: Native screen geometry: 1,472 px x 1,072 px x 32 bpp
FINE: Mapping frame buffer: 6,311,936 bytes
Frame rate: 48 frames in  7.69 s =  6.24 fps (160 ms/frame)
Frame rate: 48 frames in  6.94 s =  6.92 fps (145 ms/frame)
Total rate: 98 frames in 14.81 s =  6.62 fps (151 ms/frame)
FINE: Unmapping frame buffer: 6,311,936 bytes
===> Color depth: 32 bpp; Rotation: 1
FINE: EPD system properties: {monocle.epd.bitsPerPixel=32, monocle.epd.waveformMode=4, monocle.epd.fixWidthY8UR=true, monocle.epd.rotate=1}
FINE: Frame buffer geometry: 1,072 1,448 1,088 1,536 32
FINE: Frame buffer rgba: 8/16,8/8,8/0,8/24
FINE: Frame buffer grayscale: 0
FINE: Native screen geometry: 1,088 px x 1,448 px x 32 bpp
FINE: Mapping frame buffer: 6,301,696 bytes
Frame rate: 48 frames in  7.73 s =  6.21 fps (161 ms/frame)
Frame rate: 48 frames in  6.96 s =  6.90 fps (145 ms/frame)
Total rate: 98 frames in 14.85 s =  6.60 fps (152 ms/frame)
FINE: Unmapping frame buffer: 6,301,696 bytes
===> Color depth: 32 bpp; Rotation: 2
FINE: EPD system properties: {monocle.epd.bitsPerPixel=32, monocle.epd.waveformMode=4, monocle.epd.fixWidthY8UR=true, monocle.epd.rotate=2}
FINE: Frame buffer geometry: 1,448 1,072 1,472 1,152 32
FINE: Frame buffer rgba: 8/16,8/8,8/0,8/24
FINE: Frame buffer grayscale: 0
FINE: Native screen geometry: 1,472 px x 1,072 px x 32 bpp
FINE: Mapping frame buffer: 6,311,936 bytes
Frame rate: 48 frames in  7.71 s =  6.22 fps (161 ms/frame)
Frame rate: 48 frames in  6.93 s =  6.92 fps (144 ms/frame)
Total rate: 97 frames in 14.80 s =  6.56 fps (153 ms/frame)
FINE: Unmapping frame buffer: 6,311,936 bytes
===> Color depth: 32 bpp; Rotation: 3
FINE: EPD system properties: {monocle.epd.bitsPerPixel=32, monocle.epd.waveformMode=4, monocle.epd.fixWidthY8UR=true, monocle.epd.rotate=3}
FINE: Frame buffer geometry: 1,072 1,448 1,088 1,536 32
FINE: Frame buffer rgba: 8/16,8/8,8/0,8/24
FINE: Frame buffer grayscale: 0
FINE: Native screen geometry: 1,088 px x 1,448 px x 32 bpp
FINE: Mapping frame buffer: 6,301,696 bytes
Frame rate: 48 frames in  7.75 s =  6.20 fps (161 ms/frame)
Frame rate: 48 frames in  6.94 s =  6.92 fps (144 ms/frame)
Total rate: 97 frames in 14.83 s =  6.54 fps (153 ms/frame)
FINE: Unmapping frame buffer: 6,301,696 bytes

===> Inverted 8-bit grayscale
FINE: EPD system properties: {monocle.epd.Y8Inverted=true, monocle.epd.bitsPerPixel=8, monocle.epd.waveformMode=4, monocle.epd.fixWidthY8UR=true}
FINE: Frame buffer geometry: 1,448 1,072 1,472 2,304 8
FINE: Frame buffer rgba: 8/0,8/0,8/0,0/0
FINE: Frame buffer grayscale: 2
FINE: Native screen geometry: 1,472 px x 1,072 px x 8 bpp
Frame rate: 48 frames in 46.93 s =  1.02 fps (978 ms/frame)
Frame rate: 48 frames in 44.53 s =  1.08 fps (928 ms/frame)
Total rate: 97 frames in 92.46 s =  1.05 fps (953 ms/frame)

===> No wait with color depths: 8, 16, 32 bpp
===> Color depth: 8 bpp
FINE: EPD system properties: {monocle.epd.noWait=true, monocle.epd.bitsPerPixel=8, monocle.epd.waveformMode=4, monocle.epd.fixWidthY8UR=true}
FINE: Frame buffer geometry: 1,448 1,072 1,472 2,304 8
FINE: Frame buffer rgba: 8/0,8/0,8/0,0/0
FINE: Frame buffer grayscale: 1
FINE: Native screen geometry: 1,448 px x 1,072 px x 8 bpp
Frame rate: 48 frames in 46.21 s =  1.04 fps (963 ms/frame)
Frame rate: 48 frames in 43.83 s =  1.10 fps (913 ms/frame)
Total rate: 97 frames in 90.98 s =  1.07 fps (938 ms/frame)
===> Color depth: 16 bpp
FINE: EPD system properties: {monocle.epd.noWait=true, monocle.epd.bitsPerPixel=16, monocle.epd.waveformMode=4, monocle.epd.fixWidthY8UR=true}
FINE: Frame buffer geometry: 1,448 1,072 1,472 2,304 16
FINE: Frame buffer rgba: 5/11,6/5,5/0,0/0
FINE: Frame buffer grayscale: 0
FINE: Native screen geometry: 1,472 px x 1,072 px x 16 bpp
Frame rate: 48 frames in 73.58 s =  0.65 fps (1533 ms/frame)
Frame rate: 48 frames in 71.39 s =  0.67 fps (1487 ms/frame)
Total rate: 97 frames in 146.46 s =  0.66 fps (1510 ms/frame)
===> Color depth: 32 bpp
FINE: EPD system properties: {monocle.epd.noWait=true, monocle.epd.bitsPerPixel=32, monocle.epd.waveformMode=4, monocle.epd.fixWidthY8UR=true}
FINE: Frame buffer geometry: 1,448 1,072 1,472 1,152 32
FINE: Frame buffer rgba: 8/16,8/8,8/0,8/24
FINE: Frame buffer grayscale: 0
FINE: Native screen geometry: 1,472 px x 1,072 px x 32 bpp
FINE: Mapping frame buffer: 6,311,936 bytes
Frame rate: 48 frames in  5.67 s =  8.47 fps (118 ms/frame)
Frame rate: 48 frames in  5.09 s =  9.43 fps (106 ms/frame)
Total rate: 97 frames in 10.80 s =  8.98 fps (111 ms/frame)
FINE: Unmapping frame buffer: 6,311,936 bytes

===> Black with modes: 4 (A2), 1 (DU), 3 (GC4), 2 (GC16)
===> Waveform mode: 4
FINE: EPD system properties: {monocle.epd.waveformMode=4, monocle.epd.fixWidthY8UR=true}
FINE: Frame buffer geometry: 1,448 1,072 1,472 1,152 32
FINE: Frame buffer rgba: 8/16,8/8,8/0,8/24
FINE: Frame buffer grayscale: 0
FINE: Native screen geometry: 1,472 px x 1,072 px x 32 bpp
FINE: Mapping frame buffer: 6,311,936 bytes
Frame rate: 48 frames in  7.71 s =  6.23 fps (161 ms/frame)
Frame rate: 48 frames in  6.94 s =  6.92 fps (144 ms/frame)
Total rate: 97 frames in 14.80 s =  6.55 fps (153 ms/frame)
FINE: Unmapping frame buffer: 6,311,936 bytes
===> Waveform mode: 1
FINE: EPD system properties: {monocle.epd.waveformMode=1, monocle.epd.fixWidthY8UR=true}
FINE: Frame buffer geometry: 1,448 1,072 1,472 1,152 32
FINE: Frame buffer rgba: 8/16,8/8,8/0,8/24
FINE: Frame buffer grayscale: 0
FINE: Native screen geometry: 1,472 px x 1,072 px x 32 bpp
FINE: Mapping frame buffer: 6,311,936 bytes
Frame rate: 48 frames in  8.77 s =  5.47 fps (183 ms/frame)
Frame rate: 48 frames in  8.05 s =  5.96 fps (168 ms/frame)
Total rate: 97 frames in 17.00 s =  5.71 fps (175 ms/frame)
FINE: Unmapping frame buffer: 6,311,936 bytes
===> Waveform mode: 3
FINE: EPD system properties: {monocle.epd.waveformMode=3, monocle.epd.fixWidthY8UR=true}
FINE: Frame buffer geometry: 1,448 1,072 1,472 1,152 32
FINE: Frame buffer rgba: 8/16,8/8,8/0,8/24
FINE: Frame buffer grayscale: 0
FINE: Native screen geometry: 1,472 px x 1,072 px x 32 bpp
FINE: Mapping frame buffer: 6,311,936 bytes
Frame rate: 48 frames in 15.28 s =  3.14 fps (318 ms/frame)
Frame rate: 48 frames in 14.83 s =  3.24 fps (309 ms/frame)
Total rate: 97 frames in 30.42 s =  3.19 fps (314 ms/frame)
FINE: Unmapping frame buffer: 6,311,936 bytes
===> Waveform mode: 2
FINE: EPD system properties: {monocle.epd.waveformMode=2, monocle.epd.fixWidthY8UR=true}
FINE: Frame buffer geometry: 1,448 1,072 1,472 1,152 32
FINE: Frame buffer rgba: 8/16,8/8,8/0,8/24
FINE: Frame buffer grayscale: 0
FINE: Native screen geometry: 1,472 px x 1,072 px x 32 bpp
FINE: Mapping frame buffer: 6,311,936 bytes
Frame rate: 48 frames in 22.88 s =  2.10 fps (477 ms/frame)
Frame rate: 48 frames in 22.74 s =  2.11 fps (474 ms/frame)
Total rate: 98 frames in 46.12 s =  2.12 fps (471 ms/frame)
FINE: Unmapping frame buffer: 6,311,936 bytes

===> 16 gray levels with modes: 4 (A2), 1 (DU), 3 (GC4), 2 (GC16)
===> Waveform mode: 4
FINE: EPD system properties: {monocle.epd.waveformMode=4, monocle.epd.fixWidthY8UR=true}
FINE: Frame buffer geometry: 1,448 1,072 1,472 1,152 32
FINE: Frame buffer rgba: 8/16,8/8,8/0,8/24
FINE: Frame buffer grayscale: 0
FINE: Native screen geometry: 1,472 px x 1,072 px x 32 bpp
FINE: Mapping frame buffer: 6,311,936 bytes
Frame rate: 48 frames in  7.68 s =  6.25 fps (160 ms/frame)
Frame rate: 48 frames in  6.94 s =  6.92 fps (144 ms/frame)
Total rate: 97 frames in 14.77 s =  6.57 fps (152 ms/frame)
FINE: Unmapping frame buffer: 6,311,936 bytes
===> Waveform mode: 1
FINE: EPD system properties: {monocle.epd.waveformMode=1, monocle.epd.fixWidthY8UR=true}
FINE: Frame buffer geometry: 1,448 1,072 1,472 1,152 32
FINE: Frame buffer rgba: 8/16,8/8,8/0,8/24
FINE: Frame buffer grayscale: 0
FINE: Native screen geometry: 1,472 px x 1,072 px x 32 bpp
FINE: Mapping frame buffer: 6,311,936 bytes
Frame rate: 48 frames in  8.78 s =  5.47 fps (183 ms/frame)
Frame rate: 48 frames in  8.05 s =  5.96 fps (168 ms/frame)
Total rate: 98 frames in 17.03 s =  5.75 fps (174 ms/frame)
FINE: Unmapping frame buffer: 6,311,936 bytes
===> Waveform mode: 3
FINE: EPD system properties: {monocle.epd.waveformMode=3, monocle.epd.fixWidthY8UR=true}
FINE: Frame buffer geometry: 1,448 1,072 1,472 1,152 32
FINE: Frame buffer rgba: 8/16,8/8,8/0,8/24
FINE: Frame buffer grayscale: 0
FINE: Native screen geometry: 1,472 px x 1,072 px x 32 bpp
FINE: Mapping frame buffer: 6,311,936 bytes
Frame rate: 48 frames in 15.30 s =  3.14 fps (319 ms/frame)
Frame rate: 48 frames in 14.83 s =  3.24 fps (309 ms/frame)
Total rate: 98 frames in 30.46 s =  3.22 fps (311 ms/frame)
FINE: Unmapping frame buffer: 6,311,936 bytes
===> Waveform mode: 2
FINE: EPD system properties: {monocle.epd.waveformMode=2, monocle.epd.fixWidthY8UR=true}
FINE: Frame buffer geometry: 1,448 1,072 1,472 1,152 32
FINE: Frame buffer rgba: 8/16,8/8,8/0,8/24
FINE: Frame buffer grayscale: 0
FINE: Native screen geometry: 1,472 px x 1,072 px x 32 bpp
FINE: Mapping frame buffer: 6,311,936 bytes
Frame rate: 48 frames in 22.85 s =  2.10 fps (476 ms/frame)
Frame rate: 48 frames in 22.74 s =  2.11 fps (474 ms/frame)
Total rate: 97 frames in 46.08 s =  2.10 fps (475 ms/frame)
FINE: Unmapping frame buffer: 6,311,936 bytes

===> Automatic waveform selection with gray levels: 1, 2, 4, 16
===> Gray levels: 1
FINE: EPD system properties: {monocle.epd.fixWidthY8UR=true}
FINE: Frame buffer geometry: 1,448 1,072 1,472 1,152 32
FINE: Frame buffer rgba: 8/16,8/8,8/0,8/24
FINE: Frame buffer grayscale: 0
FINE: Native screen geometry: 1,472 px x 1,072 px x 32 bpp
FINE: Mapping frame buffer: 6,311,936 bytes
Frame rate: 48 frames in 14.21 s =  3.38 fps (296 ms/frame)
Frame rate: 48 frames in 13.70 s =  3.50 fps (285 ms/frame)
Total rate: 97 frames in 28.20 s =  3.44 fps (291 ms/frame)
FINE: Unmapping frame buffer: 6,311,936 bytes
===> Gray levels: 2
FINE: EPD system properties: {monocle.epd.fixWidthY8UR=true}
FINE: Frame buffer geometry: 1,448 1,072 1,472 1,152 32
FINE: Frame buffer rgba: 8/16,8/8,8/0,8/24
FINE: Frame buffer grayscale: 0
FINE: Native screen geometry: 1,472 px x 1,072 px x 32 bpp
FINE: Mapping frame buffer: 6,311,936 bytes
Frame rate: 48 frames in  8.78 s =  5.47 fps (183 ms/frame)
Frame rate: 48 frames in  8.05 s =  5.96 fps (168 ms/frame)
Total rate: 97 frames in 17.01 s =  5.70 fps (175 ms/frame)
FINE: Unmapping frame buffer: 6,311,936 bytes
===> Gray levels: 4
FINE: EPD system properties: {monocle.epd.fixWidthY8UR=true}
FINE: Frame buffer geometry: 1,448 1,072 1,472 1,152 32
FINE: Frame buffer rgba: 8/16,8/8,8/0,8/24
FINE: Frame buffer grayscale: 0
FINE: Native screen geometry: 1,472 px x 1,072 px x 32 bpp
FINE: Mapping frame buffer: 6,311,936 bytes
Frame rate: 48 frames in 16.11 s =  2.98 fps (336 ms/frame)
Frame rate: 48 frames in 13.78 s =  3.48 fps (287 ms/frame)
Total rate: 97 frames in 30.18 s =  3.21 fps (311 ms/frame)
FINE: Unmapping frame buffer: 6,311,936 bytes
===> Gray levels: 16
FINE: EPD system properties: {monocle.epd.fixWidthY8UR=true}
FINE: Frame buffer geometry: 1,448 1,072 1,472 1,152 32
FINE: Frame buffer rgba: 8/16,8/8,8/0,8/24
FINE: Frame buffer grayscale: 0
FINE: Native screen geometry: 1,472 px x 1,072 px x 32 bpp
FINE: Mapping frame buffer: 6,311,936 bytes
Frame rate: 48 frames in 20.79 s =  2.31 fps (433 ms/frame)
Frame rate: 48 frames in  8.36 s =  5.74 fps (174 ms/frame)
Total rate: 97 frames in 29.33 s =  3.31 fps (302 ms/frame)
FINE: Unmapping frame buffer: 6,311,936 bytes

===> Enable inversion update flag
FINE: EPD system properties: {monocle.epd.enableInversion=true, monocle.epd.waveformMode=4, monocle.epd.fixWidthY8UR=true}
FINE: Frame buffer geometry: 1,448 1,072 1,472 1,152 32
FINE: Frame buffer rgba: 8/16,8/8,8/0,8/24
FINE: Frame buffer grayscale: 0
FINE: Native screen geometry: 1,472 px x 1,072 px x 32 bpp
FINE: Mapping frame buffer: 6,311,936 bytes
Frame rate: 48 frames in  7.71 s =  6.23 fps (161 ms/frame)
Frame rate: 48 frames in  6.94 s =  6.92 fps (145 ms/frame)
Total rate: 97 frames in 14.80 s =  6.56 fps (153 ms/frame)
FINE: Unmapping frame buffer: 6,311,936 bytes

===> Force monochrome update flag with gray levels: 4, 16
===> Gray level: 4
FINE: EPD system properties: {monocle.epd.waveformMode=4, monocle.epd.fixWidthY8UR=true, monocle.epd.forceMonochrome=true}
FINE: Frame buffer geometry: 1,448 1,072 1,472 1,152 32
FINE: Frame buffer rgba: 8/16,8/8,8/0,8/24
FINE: Frame buffer grayscale: 0
FINE: Native screen geometry: 1,472 px x 1,072 px x 32 bpp
FINE: Mapping frame buffer: 6,311,936 bytes
Frame rate: 48 frames in  7.71 s =  6.22 fps (161 ms/frame)
Frame rate: 48 frames in  6.93 s =  6.93 fps (144 ms/frame)
Total rate: 97 frames in 14.79 s =  6.56 fps (153 ms/frame)
FINE: Unmapping frame buffer: 6,311,936 bytes
===> Gray level: 16
FINE: EPD system properties: {monocle.epd.waveformMode=4, monocle.epd.fixWidthY8UR=true, monocle.epd.forceMonochrome=true}
FINE: Frame buffer geometry: 1,448 1,072 1,472 1,152 32
FINE: Frame buffer rgba: 8/16,8/8,8/0,8/24
FINE: Frame buffer grayscale: 0
FINE: Native screen geometry: 1,472 px x 1,072 px x 32 bpp
FINE: Mapping frame buffer: 6,311,936 bytes
Frame rate: 48 frames in  7.71 s =  6.23 fps (161 ms/frame)
Frame rate: 48 frames in  6.93 s =  6.92 fps (144 ms/frame)
Total rate: 97 frames in 14.79 s =  6.56 fps (152 ms/frame)
FINE: Unmapping frame buffer: 6,311,936 bytes

===> Frame rate using move pattern with wait (16 times)
FINE: EPD system properties: {monocle.epd.waveformMode=4, monocle.epd.fixWidthY8UR=true}
FINE: Frame buffer geometry: 1,448 1,072 1,472 1,152 32
FINE: Frame buffer rgba: 8/16,8/8,8/0,8/24
FINE: Frame buffer grayscale: 0
FINE: Native screen geometry: 1,472 px x 1,072 px x 32 bpp
FINE: Mapping frame buffer: 6,311,936 bytes
Frame rate: 48 frames in  7.72 s =  6.21 fps (161 ms/frame)
Frame rate: 48 frames in  6.94 s =  6.92 fps (144 ms/frame)
Frame rate: 48 frames in  6.93 s =  6.93 fps (144 ms/frame)
Frame rate: 48 frames in  6.92 s =  6.93 fps (144 ms/frame)
Frame rate: 48 frames in  6.93 s =  6.93 fps (144 ms/frame)
Frame rate: 48 frames in  6.92 s =  6.93 fps (144 ms/frame)
Frame rate: 48 frames in  6.92 s =  6.93 fps (144 ms/frame)
Frame rate: 48 frames in  6.92 s =  6.93 fps (144 ms/frame)
Frame rate: 48 frames in  6.92 s =  6.93 fps (144 ms/frame)
Frame rate: 48 frames in  6.92 s =  6.93 fps (144 ms/frame)
Frame rate: 48 frames in  6.92 s =  6.93 fps (144 ms/frame)
Frame rate: 48 frames in  6.92 s =  6.93 fps (144 ms/frame)
Frame rate: 48 frames in  6.93 s =  6.93 fps (144 ms/frame)
Frame rate: 48 frames in  6.92 s =  6.93 fps (144 ms/frame)
Frame rate: 48 frames in  6.93 s =  6.93 fps (144 ms/frame)
Frame rate: 48 frames in  6.92 s =  6.93 fps (144 ms/frame)
Total rate: 769 frames in 111.76 s =  6.88 fps (145 ms/frame)
FINE: Unmapping frame buffer: 6,311,936 bytes

===> Frame rate using sweep pattern and no wait (16 times)
FINE: EPD system properties: {monocle.epd.noWait=true, monocle.epd.waveformMode=4, monocle.epd.fixWidthY8UR=true}
FINE: Frame buffer geometry: 1,448 1,072 1,472 1,152 32
FINE: Frame buffer rgba: 8/16,8/8,8/0,8/24
FINE: Frame buffer grayscale: 0
FINE: Native screen geometry: 1,472 px x 1,072 px x 32 bpp
FINE: Mapping frame buffer: 6,311,936 bytes
Frame rate: 48 frames in  5.72 s =  8.39 fps (119 ms/frame)
Frame rate: 48 frames in  5.13 s =  9.35 fps (107 ms/frame)
Frame rate: 48 frames in  5.14 s =  9.35 fps (107 ms/frame)
Frame rate: 48 frames in  5.04 s =  9.52 fps (105 ms/frame)
Frame rate: 48 frames in  5.07 s =  9.46 fps (106 ms/frame)
Frame rate: 48 frames in  5.04 s =  9.52 fps (105 ms/frame)
Frame rate: 48 frames in  5.06 s =  9.49 fps (105 ms/frame)
Frame rate: 48 frames in  4.99 s =  9.62 fps (104 ms/frame)
Frame rate: 48 frames in  5.08 s =  9.44 fps (106 ms/frame)
Frame rate: 48 frames in  5.07 s =  9.47 fps (106 ms/frame)
Frame rate: 48 frames in  5.06 s =  9.49 fps (105 ms/frame)
Frame rate: 48 frames in  5.04 s =  9.52 fps (105 ms/frame)
Frame rate: 48 frames in  5.08 s =  9.45 fps (106 ms/frame)
Frame rate: 48 frames in  5.03 s =  9.55 fps (105 ms/frame)
Frame rate: 48 frames in  5.07 s =  9.47 fps (106 ms/frame)
Frame rate: 48 frames in  5.02 s =  9.56 fps (105 ms/frame)
Total rate: 769 frames in 81.72 s =  9.41 fps (106 ms/frame)
FINE: Unmapping frame buffer: 6,311,936 bytes
